2016-04-17 14:59:37 ERROR App:41 - Failure in getting and storing the response 0
2016-04-17 14:59:47 ERROR App:41 - Failure in getting and storing the response 0
2016-04-17 15:07:37 INFO  HttpUtil:50 - URL formed ishttp://api.goeuro.com/api/v2/position/suggest/en/Berlin
2016-04-17 15:07:37 INFO  HttpUtil:62 - HttpURLConnection Successfull created
2016-04-17 15:08:26 ERROR App:41 - Failure in getting and storing the response 0
2016-04-17 17:56:27 ERROR App:41 - Failure in getting and storing the response 0
2016-04-17 17:56:35 ERROR App:41 - Failure in getting and storing the response 0
2016-04-17 17:58:21 INFO  HttpUtil:50 - URL formed ishttp://api.goeuro.com/api/v2/position/suggest/en/Berlin
2016-04-17 17:58:21 INFO  HttpUtil:62 - HttpURLConnection Successfull created
2016-04-17 17:58:28 INFO  HttpUtil:50 - URL formed ishttp://api.goeuro.com/api/v2/position/suggest/en/Berlin
2016-04-17 17:58:28 INFO  HttpUtil:62 - HttpURLConnection Successfull created
2016-04-17 18:17:01 INFO  HttpUtil:50 - URL formed ishttp://api.goeuro.com/api/v2/position/suggest/en/Berlin
2016-04-17 18:17:01 INFO  HttpUtil:62 - HttpURLConnection Successfull created
2016-04-17 18:22:24 INFO  HttpUtil:50 - URL formed ishttp://api.goeuro.com/api/v2/position/suggest/en/Berlin
2016-04-17 18:22:24 INFO  HttpUtil:62 - HttpURLConnection Successfull created
2016-04-17 18:31:08 INFO  HttpUtil:50 - URL formed ishttp://api.goeuro.com/api/v2/position/suggest/en/Berlin
2016-04-17 18:31:08 INFO  HttpUtil:62 - HttpURLConnection Successfull created
2016-04-17 18:43:12 FATAL DataUtil:69 - Exception in parsing the response
2016-04-17 18:43:24 FATAL DataUtil:69 - Exception in parsing the response
2016-04-17 19:21:13 FATAL DataUtil:60 - Exception in parsing the response
2016-04-17 19:21:50 FATAL DataUtil:60 - Exception in parsing the response
2016-04-17 19:24:17 FATAL DataUtil:60 - Exception in parsing the response
2016-04-17 19:37:23 FATAL DataUtil:60 - Exception in parsing the response
2016-04-17 19:45:20 FATAL DataUtil:60 - Exception in parsing the response
2016-04-17 20:00:08 FATAL DataUtil:60 - Exception in parsing the response
2016-04-17 20:08:17 FATAL DataUtil:60 - Exception in parsing the response
2016-04-17 21:28:19 FATAL DataUtil:60 - Exception in parsing the response
2016-04-17 22:05:53 INFO  HttpUtil:50 - URL formed ishttp://api.goeuro.com/api/v2/position/suggest/en/berlin
2016-04-17 22:05:53 INFO  HttpUtil:62 - HttpURLConnection Successfull created
